{
  "RSpec": {
    "coverage": {
      "/home/vivacious-search-3118/tic-tac-toe-rb-ruby-apply-000/lib/tic_tac_toe.rb": [
        null,
        1,
        null,
        null,
        1,
        14,
        14,
        14,
        14,
        14,
        null,
        null,
        1,
        16,
        null,
        null,
        1,
        14,
        14,
        126,
        10,
        null,
        null,
        14,
        null,
        null,
        1,
        13,
        13,
        10,
        null,
        3,
        null,
        null,
        1,
        15,
        null,
        null,
        1,
        13,
        13,
        13,
        null,
        13,
        12,
        12,
        null,
        1,
        null,
        null,
        null,
        1,
        5,
        null,
        null,
        1,
        16,
        2,
        null,
        null,
        14,
        13,
        null,
        null,
        1,
        null,
        null,
        1,
        17,
        17,
        17,
        17,
        17,
        17,
        17,
        17,
        null,
        17,
        4,
        null,
        null,
        13,
        0,
        null,
        null,
        13,
        0,
        null,
        null,
        null,
        13,
        0,
        null,
        null,
        null,
        13,
        0,
        null,
        null,
        13,
        4,
        null,
        null,
        9,
        1,
        null,
        null,
        8,
        0,
        null,
        null,
        null,
        null,
        1,
        7,
        41,
        3,
        null,
        null,
        null,
        null,
        1,
        12,
        3,
        null,
        null,
        null,
        1,
        10,
        6,
        null,
        null,
        null,
        1,
        3,
        3,
        3,
        3,
        3,
        3,
        3,
        3,
        null,
        3,
        0,
        null,
        null,
        3,
        0,
        null,
        null,
        3,
        0,
        null,
        null,
        3,
        0,
        null,
        null,
        3,
        0,
        null,
        null,
        3,
        0,
        null,
        null,
        3,
        0,
        null,
        null,
        3,
        0,
        null,
        null,
        3,
        0,
        null,
        null,
        3,
        1,
        null,
        null,
        2,
        0,
        null,
        null,
        2,
        0,
        null,
        null,
        2,
        1,
        null,
        null,
        1,
        0,
        null,
        null,
        1,
        0,
        null,
        null,
        1,
        0,
        null,
        null,
        null,
        null,
        1,
        8,
        10,
        null,
        null,
        null,
        null,
        null,
        null,
        null,
        null,
        null,
        null,
        null,
        null,
        null
      ]
    },
    "timestamp": 1602883059
  }
}
