{
  "RSpec": {
    "coverage": {
      "/home/vivacious-search-3118/tic-tac-toe-rb-ruby-apply-000/lib/tic_tac_toe.rb": [
        null,
        1,
        null,
        null,
        1,
        14,
        14,
        14,
        14,
        14,
        null,
        null,
        1,
        16,
        null,
        null,
        1,
        14,
        14,
        126,
        10,
        null,
        null,
        14,
        null,
        null,
        1,
        13,
        13,
        10,
        null,
        3,
        null,
        null,
        1,
        15,
        null,
        null,
        1,
        13,
        13,
        13,
        null,
        13,
        12,
        12,
        null,
        1,
        null,
        null,
        null,
        1,
        5,
        null,
        null,
        1,
        16,
        2,
        null,
        null,
        14,
        13,
        null,
        null,
        1,
        null,
        null,
        1,
        25,
        25,
        25,
        25,
        25,
        25,
        25,
        25,
        null,
        25,
        3,
        null,
        null,
        22,
        0,
        null,
        null,
        22,
        0,
        null,
        null,
        null,
        22,
        0,
        null,
        null,
        null,
        22,
        0,
        null,
        null,
        22,
        4,
        null,
        null,
        18,
        1,
        null,
        null,
        17,
        0,
        null,
        null,
        null,
        null,
        1,
        11,
        52,
        7,
        null,
        null,
        null,
        null,
        1,
        15,
        3,
        null,
        null,
        null,
        1,
        9,
        5,
        null,
        null,
        null,
        1,
        3,
        3,
        3,
        3,
        3,
        3,
        3,
        3,
        null,
        3,
        0,
        null,
        null,
        3,
        0,
        null,
        null,
        3,
        0,
        null,
        null,
        3,
        0,
        null,
        null,
        3,
        0,
        null,
        null,
        3,
        0,
        null,
        null,
        3,
        0,
        null,
        null,
        3,
        0,
        null,
        null,
        3,
        0,
        null,
        null,
        3,
        1,
        null,
        null,
        2,
        0,
        null,
        null,
        2,
        0,
        null,
        null,
        2,
        1,
        null,
        null,
        1,
        0,
        null,
        null,
        1,
        0,
        null,
        null,
        1,
        0,
        null,
        null,
        null,
        null,
        1,
        7,
        10,
        null,
        null,
        7,
        2,
        5,
        1,
        null,
        null,
        null,
        null
      ]
    },
    "timestamp": 1602883106
  }
}
