{
  "RSpec": {
    "coverage": {
      "/home/vivacious-search-3118/tic-tac-toe-rb-ruby-apply-000/lib/tic_tac_toe.rb": [
        null,
        1,
        null,
        null,
        1,
        24,
        24,
        24,
        24,
        24,
        null,
        null,
        1,
        23,
        null,
        null,
        1,
        21,
        21,
        189,
        31,
        null,
        null,
        21,
        null,
        null,
        1,
        20,
        20,
        14,
        null,
        6,
        null,
        null,
        1,
        22,
        null,
        null,
        1,
        20,
        20,
        20,
        null,
        20,
        19,
        19,
        null,
        1,
        null,
        null,
        null,
        1,
        5,
        null,
        null,
        1,
        23,
        2,
        null,
        null,
        21,
        20,
        null,
        null,
        1,
        null,
        null,
        1,
        54,
        54,
        54,
        54,
        54,
        54,
        54,
        54,
        null,
        54,
        6,
        null,
        null,
        48,
        0,
        null,
        null,
        48,
        3,
        null,
        null,
        null,
        45,
        0,
        null,
        null,
        null,
        45,
        0,
        null,
        null,
        45,
        4,
        null,
        null,
        41,
        1,
        null,
        null,
        40,
        3,
        null,
        null,
        null,
        null,
        1,
        22,
        116,
        14,
        null,
        null,
        null,
        null,
        1,
        29,
        7,
        null,
        null,
        null,
        1,
        21,
        10,
        null,
        null,
        null,
        1,
        7,
        7,
        7,
        7,
        7,
        7,
        7,
        7,
        null,
        7,
        2,
        null,
        null,
        5,
        0,
        null,
        null,
        5,
        0,
        null,
        null,
        5,
        0,
        null,
        null,
        5,
        0,
        null,
        null,
        5,
        1,
        null,
        null,
        4,
        0,
        null,
        null,
        4,
        0,
        null,
        null,
        4,
        0,
        null,
        null,
        4,
        1,
        null,
        null,
        3,
        0,
        null,
        null,
        3,
        0,
        null,
        null,
        3,
        1,
        null,
        null,
        2,
        0,
        null,
        null,
        2,
        1,
        null,
        null,
        1,
        0,
        null,
        null,
        null,
        null,
        1,
        12,
        17,
        null,
        null,
        12,
        5,
        7,
        3,
        null,
        null,
        null,
        null
      ]
    },
    "timestamp": 1602883165
  }
}
